<?xml version="1.0" encoding="UTF-8"?>
<!-- Generated by org.testng.reporters.JUnitXMLReporter -->
<testsuite ignored="0" hostname="DESKTOP-HPASSFL" failures="0" tests="5" name="Default test" time="20.642" errors="0" timestamp="2021-02-20T10:28:58 IST">
  <testcase classname="apitestWithRestAssured.TPConnectGET" name="DELETERequest" time="7.055"/>
  <testcase classname="apitestWithRestAssured.TPConnectGET" name="GETRequest" time="5.419"/>
  <testcase classname="apitestWithRestAssured.TPConnectGET" name="PATCHRequest" time="2.385"/>
  <testcase classname="apitestWithRestAssured.TPConnectGET" name="POSTRequest" time="3.942"/>
  <testcase classname="apitestWithRestAssured.TPConnectGET" name="PUTRequest" time="1.767"/>
</testsuite> <!-- Default test -->
