<?xml version="1.0" encoding="UTF-8"?>
<testng-results ignored="0" total="5" passed="5" failed="0" skipped="0">
  <reporter-output>
  </reporter-output>
  <suite started-at="2021-02-20T10:28:37 IST" name="Default suite" finished-at="2021-02-20T10:28:57 IST" duration-ms="20642">
    <groups>
    </groups>
    <test started-at="2021-02-20T10:28:37 IST" name="Default test" finished-at="2021-02-20T10:28:57 IST" duration-ms="20642">
      <class name="apitestWithRestAssured.TPConnectGET">
        <test-method signature="DELETERequest()[pri:0, instance:apitestWithRestAssured.TPConnectGET@12d4bf7e]" started-at="2021-02-20T10:28:37 IST" name="DELETERequest" finished-at="2021-02-20T10:28:44 IST" duration-ms="7055" status="PASS">
          <reporter-output>
          </reporter-output>
        </test-method> <!-- DELETERequest -->
        <test-method signature="GETRequest()[pri:0, instance:apitestWithRestAssured.TPConnectGET@12d4bf7e]" started-at="2021-02-20T10:28:44 IST" name="GETRequest" finished-at="2021-02-20T10:28:49 IST" duration-ms="5419" status="PASS">
          <reporter-output>
          </reporter-output>
        </test-method> <!-- GETRequest -->
        <test-method signature="PATCHRequest()[pri:0, instance:apitestWithRestAssured.TPConnectGET@12d4bf7e]" started-at="2021-02-20T10:28:49 IST" name="PATCHRequest" finished-at="2021-02-20T10:28:52 IST" duration-ms="2385" status="PASS">
          <reporter-output>
          </reporter-output>
        </test-method> <!-- PATCHRequest -->
        <test-method signature="POSTRequest()[pri:0, instance:apitestWithRestAssured.TPConnectGET@12d4bf7e]" started-at="2021-02-20T10:28:52 IST" name="POSTRequest" finished-at="2021-02-20T10:28:56 IST" duration-ms="3942" status="PASS">
          <reporter-output>
          </reporter-output>
        </test-method> <!-- POSTRequest -->
        <test-method signature="PUTRequest()[pri:0, instance:apitestWithRestAssured.TPConnectGET@12d4bf7e]" started-at="2021-02-20T10:28:56 IST" name="PUTRequest" finished-at="2021-02-20T10:28:57 IST" duration-ms="1767" status="PASS">
          <reporter-output>
          </reporter-output>
        </test-method> <!-- PUTRequest -->
      </class> <!-- apitestWithRestAssured.TPConnectGET -->
    </test> <!-- Default test -->
  </suite> <!-- Default suite -->
</testng-results>
